<?xml version="1.0" encoding="UTF-8"?>
<testng-results skipped="0" failed="0" total="3" passed="3">
  <reporter-output>
  </reporter-output>
  <suite name="Regression TestSuite" duration-ms="63117" started-at="2017-10-16T11:35:41Z" finished-at="2017-10-16T11:36:44Z">
    <groups>
      <group name="ngdialog">
        <method signature="OverviewTab.zAddusers()[pri:0, instance:AdminPanel.OverviewTab@5ef60048]" name="zAddusers" class="AdminPanel.OverviewTab"/>
        <method signature="OverviewTab.verifyTeamURL()[pri:0, instance:AdminPanel.OverviewTab@5ef60048]" name="verifyTeamURL" class="AdminPanel.OverviewTab"/>
        <method signature="OverviewTab.verifyTeamname()[pri:0, instance:AdminPanel.OverviewTab@5ef60048]" name="verifyTeamname" class="AdminPanel.OverviewTab"/>
      </group> <!-- ngdialog -->
    </groups>
    <test name="Chrome Test" duration-ms="63117" started-at="2017-10-16T11:35:41Z" finished-at="2017-10-16T11:36:44Z">
      <class name="AdminPanel.OverviewTab">
        <test-method status="PASS" signature="setBaseURL(java.lang.String)[pri:0, instance:AdminPanel.OverviewTab@5ef60048]" name="setBaseURL" is-config="true" duration-ms="29486" started-at="2017-10-16T17:05:41Z" finished-at="2017-10-16T17:06:11Z">
          <params>
            <param index="0">
              <value>
                <![CDATA[chrome]]>
              </value>
            </param>
          </params>
          <reporter-output>
          </reporter-output>
        </test-method> <!-- setBaseURL -->
        <test-method status="PASS" signature="zAddusers()[pri:0, instance:AdminPanel.OverviewTab@5ef60048]" name="zAddusers" duration-ms="6592" started-at="2017-10-16T17:06:11Z" finished-at="2017-10-16T17:06:17Z">
          <reporter-output>
          </reporter-output>
        </test-method> <!-- zAddusers -->
        <test-method status="PASS" signature="verifyTeamname()[pri:0, instance:AdminPanel.OverviewTab@5ef60048]" name="verifyTeamname" duration-ms="9856" started-at="2017-10-16T17:06:17Z" finished-at="2017-10-16T17:06:27Z">
          <reporter-output>
          </reporter-output>
        </test-method> <!-- verifyTeamname -->
        <test-method status="PASS" signature="verifyTeamURL()[pri:0, instance:AdminPanel.OverviewTab@5ef60048]" name="verifyTeamURL" duration-ms="17170" started-at="2017-10-16T17:06:27Z" depends-on-methods="AdminPanel.OverviewTab.zAddusers" finished-at="2017-10-16T17:06:44Z">
          <reporter-output>
          </reporter-output>
        </test-method> <!-- verifyTeamURL -->
      </class> <!-- AdminPanel.OverviewTab -->
    </test> <!-- Chrome Test -->
  </suite> <!-- Regression TestSuite -->
</testng-results>
