<?xml version="1.0" encoding="UTF-8"?>
<!-- Generated by org.testng.reporters.JUnitXMLReporter -->
<testsuite hostname="MDVLIDRIS" name="Chrome Test" tests="3" failures="0" timestamp="16 Oct 2017 11:36:44 GMT" time="63.117" errors="0">
  <testcase name="zAddusers" time="6.592" classname="AdminPanel.OverviewTab"/>
  <testcase name="verifyTeamname" time="9.856" classname="AdminPanel.OverviewTab"/>
  <testcase name="verifyTeamURL" time="17.17" classname="AdminPanel.OverviewTab"/>
</testsuite> <!-- Chrome Test -->
